<?xml version="1.0" encoding="UTF-8"?>
<!-- Generated by org.testng.reporters.JUnitReportReporter -->
<testsuite hostname="DESKTOP-20G0H2Q" failures="0" tests="1" name="Test1" time="5.843" errors="0" timestamp="2024-01-25T17:38:55 IST" skipped="0">
  <testcase classname="Test1" name="browser" time="5.843"/>
  <system-out/>
</testsuite> <!-- Test1 -->
