<?xml version="1.0" encoding="UTF-8"?>
<!-- Generated by org.testng.reporters.JUnitReportReporter -->
<testsuite hostname="DESKTOP-20G0H2Q" failures="0" tests="1" name="UploadFile" time="25.759" errors="0" timestamp="2024-03-10T23:28:44 IST" skipped="0">
  <testcase classname="UploadFile" name="uploadDataFile" time="25.759"/>
  <system-out/>
</testsuite> <!-- UploadFile -->
